{"/Users/techit/Documents/CS360/CS360_Project/backend/mockConfig/database.js": {"path":"/Users/techit/Documents/CS360/CS360_Project/backend/mockConfig/database.js","statementMap":{"0":{"start":{"line":1,"column":13},"end":{"line":1,"column":28}},"1":{"start":{"line":3,"column":0},"end":{"line":92,"column":2}},"2":{"start":{"line":4,"column":17},"end":{"line":4,"column":49}},"3":{"start":{"line":6,"column":22},"end":{"line":83,"column":3}},"4":{"start":{"line":85,"column":2},"end":{"line":91,"column":4}},"5":{"start":{"line":94,"column":22},"end":{"line":94,"column":42}},"6":{"start":{"line":96,"column":18},"end":{"line":100,"column":2}},"7":{"start":{"line":102,"column":0},"end":{"line":102,"column":27}}},"fnMap":{"0":{"name":"(anonymous_0)","decl":{"start":{"line":3,"column":17},"end":{"line":3,"column":18}},"loc":{"start":{"line":3,"column":30},"end":{"line":92,"column":1}},"line":3}},"branchMap":{"0":{"loc":{"start":{"line":15,"column":13},"end":{"line":25,"column":9}},"type":"binary-expr","locations":[{"start":{"line":15,"column":13},"end":{"line":15,"column":44}},{"start":{"line":15,"column":48},"end":{"line":25,"column":9}}],"line":15},"1":{"loc":{"start":{"line":36,"column":13},"end":{"line":46,"column":9}},"type":"binary-expr","locations":[{"start":{"line":36,"column":13},"end":{"line":36,"column":44}},{"start":{"line":36,"column":48},"end":{"line":46,"column":9}}],"line":36},"2":{"loc":{"start":{"line":58,"column":13},"end":{"line":68,"column":9}},"type":"binary-expr","locations":[{"start":{"line":58,"column":13},"end":{"line":58,"column":44}},{"start":{"line":58,"column":48},"end":{"line":68,"column":9}}],"line":58}},"s":{"0":1,"1":1,"2":0,"3":0,"4":0,"5":1,"6":1,"7":1},"f":{"0":0},"b":{"0":[0,0],"1":[0,0],"2":[0,0]},"_coverageSchema":"1a1c01bbd47fc00a2c39e90264f33305004495a9","hash":"c00e358ce5d4ded6deb1cd87dc31d242e35c6448"}
,"/Users/techit/Documents/CS360/CS360_Project/backend/mockConfig/server.js": {"path":"/Users/techit/Documents/CS360/CS360_Project/backend/mockConfig/server.js","statementMap":{"0":{"start":{"line":1,"column":0},"end":{"line":10,"column":3}},"1":{"start":{"line":1,"column":31},"end":{"line":10,"column":1}},"2":{"start":{"line":13,"column":16},"end":{"line":13,"column":34}},"3":{"start":{"line":14,"column":12},"end":{"line":14,"column":21}},"4":{"start":{"line":15,"column":18},"end":{"line":15,"column":39}},"5":{"start":{"line":16,"column":22},"end":{"line":16,"column":57}},"6":{"start":{"line":19,"column":0},"end":{"line":19,"column":24}},"7":{"start":{"line":20,"column":0},"end":{"line":20,"column":48}},"8":{"start":{"line":23,"column":0},"end":{"line":23,"column":31}},"9":{"start":{"line":26,"column":0},"end":{"line":29,"column":3}},"10":{"start":{"line":27,"column":2},"end":{"line":27,"column":27}},"11":{"start":{"line":28,"column":2},"end":{"line":28,"column":54}},"12":{"start":{"line":32,"column":0},"end":{"line":44,"column":1}},"13":{"start":{"line":33,"column":2},"end":{"line":43,"column":7}},"14":{"start":{"line":35,"column":6},"end":{"line":35,"column":53}},"15":{"start":{"line":36,"column":19},"end":{"line":36,"column":43}},"16":{"start":{"line":37,"column":6},"end":{"line":39,"column":9}},"17":{"start":{"line":38,"column":8},"end":{"line":38,"column":57}},"18":{"start":{"line":42,"column":6},"end":{"line":42,"column":55}},"19":{"start":{"line":47,"column":0},"end":{"line":47,"column":21}}},"fnMap":{"0":{"name":"(anonymous_0)","decl":{"start":{"line":1,"column":17},"end":{"line":1,"column":18}},"loc":{"start":{"line":1,"column":31},"end":{"line":10,"column":1}},"line":1},"1":{"name":"(anonymous_1)","decl":{"start":{"line":26,"column":8},"end":{"line":26,"column":9}},"loc":{"start":{"line":26,"column":33},"end":{"line":29,"column":1}},"line":26},"2":{"name":"(anonymous_2)","decl":{"start":{"line":34,"column":10},"end":{"line":34,"column":11}},"loc":{"start":{"line":34,"column":16},"end":{"line":40,"column":5}},"line":34},"3":{"name":"(anonymous_3)","decl":{"start":{"line":37,"column":23},"end":{"line":37,"column":24}},"loc":{"start":{"line":37,"column":29},"end":{"line":39,"column":7}},"line":37},"4":{"name":"(anonymous_4)","decl":{"start":{"line":41,"column":11},"end":{"line":41,"column":12}},"loc":{"start":{"line":41,"column":18},"end":{"line":43,"column":5}},"line":41}},"branchMap":{"0":{"loc":{"start":{"line":32,"column":0},"end":{"line":44,"column":1}},"type":"if","locations":[{"start":{"line":32,"column":0},"end":{"line":44,"column":1}},{"start":{},"end":{}}],"line":32},"1":{"loc":{"start":{"line":36,"column":19},"end":{"line":36,"column":43}},"type":"binary-expr","locations":[{"start":{"line":36,"column":19},"end":{"line":36,"column":35}},{"start":{"line":36,"column":39},"end":{"line":36,"column":43}}],"line":36}},"s":{"0":1,"1":0,"2":1,"3":1,"4":1,"5":1,"6":1,"7":1,"8":1,"9":1,"10":0,"11":0,"12":1,"13":0,"14":0,"15":0,"16":0,"17":0,"18":0,"19":1},"f":{"0":0,"1":0,"2":0,"3":0,"4":0},"b":{"0":[0,1],"1":[0,0]},"_coverageSchema":"1a1c01bbd47fc00a2c39e90264f33305004495a9","hash":"319a411c12e91ebd061df0dd56fede7785b1b892"}
,"/Users/techit/Documents/CS360/CS360_Project/backend/models/Account.js": {"path":"/Users/techit/Documents/CS360/CS360_Project/backend/models/Account.js","statementMap":{"0":{"start":{"line":1,"column":29},"end":{"line":1,"column":49}},"1":{"start":{"line":2,"column":18},"end":{"line":2,"column":51}},"2":{"start":{"line":6,"column":0},"end":{"line":35,"column":3}},"3":{"start":{"line":37,"column":0},"end":{"line":37,"column":25}}},"fnMap":{},"branchMap":{},"s":{"0":1,"1":1,"2":1,"3":1},"f":{},"b":{},"_coverageSchema":"1a1c01bbd47fc00a2c39e90264f33305004495a9","hash":"232c28c3324d728ebd45d0826313b3ee223f7908"}
,"/Users/techit/Documents/CS360/CS360_Project/backend/routes/account.routes.js": {"path":"/Users/techit/Documents/CS360/CS360_Project/backend/routes/account.routes.js","statementMap":{"0":{"start":{"line":1,"column":16},"end":{"line":1,"column":34}},"1":{"start":{"line":2,"column":15},"end":{"line":2,"column":31}},"2":{"start":{"line":3,"column":16},"end":{"line":3,"column":44}},"3":{"start":{"line":6,"column":0},"end":{"line":13,"column":3}},"4":{"start":{"line":7,"column":2},"end":{"line":12,"column":3}},"5":{"start":{"line":8,"column":20},"end":{"line":8,"column":50}},"6":{"start":{"line":9,"column":4},"end":{"line":9,"column":34}},"7":{"start":{"line":11,"column":4},"end":{"line":11,"column":51}},"8":{"start":{"line":16,"column":0},"end":{"line":23,"column":3}},"9":{"start":{"line":17,"column":2},"end":{"line":22,"column":3}},"10":{"start":{"line":18,"column":21},"end":{"line":18,"column":44}},"11":{"start":{"line":19,"column":4},"end":{"line":19,"column":23}},"12":{"start":{"line":21,"column":4},"end":{"line":21,"column":51}},"13":{"start":{"line":26,"column":0},"end":{"line":36,"column":3}},"14":{"start":{"line":27,"column":2},"end":{"line":35,"column":3}},"15":{"start":{"line":28,"column":20},"end":{"line":28,"column":57}},"16":{"start":{"line":29,"column":4},"end":{"line":31,"column":5}},"17":{"start":{"line":30,"column":6},"end":{"line":30,"column":66}},"18":{"start":{"line":32,"column":4},"end":{"line":32,"column":22}},"19":{"start":{"line":34,"column":4},"end":{"line":34,"column":51}},"20":{"start":{"line":39,"column":0},"end":{"line":50,"column":3}},"21":{"start":{"line":40,"column":2},"end":{"line":49,"column":3}},"22":{"start":{"line":41,"column":20},"end":{"line":41,"column":57}},"23":{"start":{"line":42,"column":4},"end":{"line":44,"column":5}},"24":{"start":{"line":43,"column":6},"end":{"line":43,"column":66}},"25":{"start":{"line":45,"column":4},"end":{"line":45,"column":35}},"26":{"start":{"line":46,"column":4},"end":{"line":46,"column":22}},"27":{"start":{"line":48,"column":4},"end":{"line":48,"column":51}},"28":{"start":{"line":53,"column":0},"end":{"line":64,"column":3}},"29":{"start":{"line":54,"column":2},"end":{"line":63,"column":3}},"30":{"start":{"line":55,"column":20},"end":{"line":55,"column":57}},"31":{"start":{"line":56,"column":4},"end":{"line":58,"column":5}},"32":{"start":{"line":57,"column":6},"end":{"line":57,"column":66}},"33":{"start":{"line":59,"column":4},"end":{"line":59,"column":28}},"34":{"start":{"line":60,"column":4},"end":{"line":60,"column":27}},"35":{"start":{"line":62,"column":4},"end":{"line":62,"column":51}},"36":{"start":{"line":66,"column":0},"end":{"line":66,"column":24}}},"fnMap":{"0":{"name":"(anonymous_0)","decl":{"start":{"line":6,"column":25},"end":{"line":6,"column":26}},"loc":{"start":{"line":6,"column":45},"end":{"line":13,"column":1}},"line":6},"1":{"name":"(anonymous_1)","decl":{"start":{"line":16,"column":24},"end":{"line":16,"column":25}},"loc":{"start":{"line":16,"column":44},"end":{"line":23,"column":1}},"line":16},"2":{"name":"(anonymous_2)","decl":{"start":{"line":26,"column":28},"end":{"line":26,"column":29}},"loc":{"start":{"line":26,"column":48},"end":{"line":36,"column":1}},"line":26},"3":{"name":"(anonymous_3)","decl":{"start":{"line":39,"column":28},"end":{"line":39,"column":29}},"loc":{"start":{"line":39,"column":48},"end":{"line":50,"column":1}},"line":39},"4":{"name":"(anonymous_4)","decl":{"start":{"line":53,"column":31},"end":{"line":53,"column":32}},"loc":{"start":{"line":53,"column":51},"end":{"line":64,"column":1}},"line":53}},"branchMap":{"0":{"loc":{"start":{"line":29,"column":4},"end":{"line":31,"column":5}},"type":"if","locations":[{"start":{"line":29,"column":4},"end":{"line":31,"column":5}},{"start":{},"end":{}}],"line":29},"1":{"loc":{"start":{"line":42,"column":4},"end":{"line":44,"column":5}},"type":"if","locations":[{"start":{"line":42,"column":4},"end":{"line":44,"column":5}},{"start":{},"end":{}}],"line":42},"2":{"loc":{"start":{"line":56,"column":4},"end":{"line":58,"column":5}},"type":"if","locations":[{"start":{"line":56,"column":4},"end":{"line":58,"column":5}},{"start":{},"end":{}}],"line":56}},"s":{"0":1,"1":1,"2":1,"3":1,"4":2,"5":2,"6":1,"7":1,"8":1,"9":1,"10":1,"11":1,"12":0,"13":1,"14":2,"15":2,"16":2,"17":1,"18":1,"19":0,"20":1,"21":2,"22":2,"23":2,"24":1,"25":1,"26":1,"27":0,"28":1,"29":1,"30":1,"31":1,"32":0,"33":1,"34":1,"35":0,"36":1},"f":{"0":2,"1":1,"2":2,"3":2,"4":1},"b":{"0":[1,1],"1":[1,1],"2":[0,1]},"_coverageSchema":"1a1c01bbd47fc00a2c39e90264f33305004495a9","hash":"8aaeb78e3f12d15eb709680ab7256e26cbcf1983"}
,"/Users/techit/Documents/CS360/CS360_Project/client/src/components/Login/Login.jsx": {"path":"/Users/techit/Documents/CS360/CS360_Project/client/src/components/Login/Login.jsx","statementMap":{"0":{"start":{"line":5,"column":14},"end":{"line":74,"column":1}},"1":{"start":{"line":6,"column":36},"end":{"line":6,"column":48}},"2":{"start":{"line":7,"column":36},"end":{"line":7,"column":48}},"3":{"start":{"line":8,"column":30},"end":{"line":8,"column":42}},"4":{"start":{"line":9,"column":21},"end":{"line":9,"column":34}},"5":{"start":{"line":11,"column":25},"end":{"line":38,"column":5}},"6":{"start":{"line":12,"column":8},"end":{"line":12,"column":27}},"7":{"start":{"line":14,"column":8},"end":{"line":37,"column":9}},"8":{"start":{"line":15,"column":29},"end":{"line":24,"column":14}},"9":{"start":{"line":26,"column":25},"end":{"line":26,"column":46}},"10":{"start":{"line":28,"column":12},"end":{"line":30,"column":13}},"11":{"start":{"line":29,"column":16},"end":{"line":29,"column":67}},"12":{"start":{"line":33,"column":12},"end":{"line":33,"column":51}},"13":{"start":{"line":34,"column":12},"end":{"line":34,"column":26}},"14":{"start":{"line":36,"column":12},"end":{"line":36,"column":34}},"15":{"start":{"line":40,"column":4},"end":{"line":73,"column":6}},"16":{"start":{"line":50,"column":41},"end":{"line":50,"column":68}},"17":{"start":{"line":60,"column":41},"end":{"line":60,"column":68}}},"fnMap":{"0":{"name":"(anonymous_0)","decl":{"start":{"line":5,"column":14},"end":{"line":5,"column":15}},"loc":{"start":{"line":5,"column":20},"end":{"line":74,"column":1}},"line":5},"1":{"name":"(anonymous_1)","decl":{"start":{"line":11,"column":25},"end":{"line":11,"column":26}},"loc":{"start":{"line":11,"column":38},"end":{"line":38,"column":5}},"line":11},"2":{"name":"(anonymous_2)","decl":{"start":{"line":50,"column":34},"end":{"line":50,"column":35}},"loc":{"start":{"line":50,"column":41},"end":{"line":50,"column":68}},"line":50},"3":{"name":"(anonymous_3)","decl":{"start":{"line":60,"column":34},"end":{"line":60,"column":35}},"loc":{"start":{"line":60,"column":41},"end":{"line":60,"column":68}},"line":60}},"branchMap":{"0":{"loc":{"start":{"line":28,"column":12},"end":{"line":30,"column":13}},"type":"if","locations":[{"start":{"line":28,"column":12},"end":{"line":30,"column":13}},{"start":{},"end":{}}],"line":28},"1":{"loc":{"start":{"line":29,"column":32},"end":{"line":29,"column":65}},"type":"binary-expr","locations":[{"start":{"line":29,"column":32},"end":{"line":29,"column":44}},{"start":{"line":29,"column":48},"end":{"line":29,"column":65}}],"line":29},"2":{"loc":{"start":{"line":64,"column":17},"end":{"line":64,"column":58}},"type":"binary-expr","locations":[{"start":{"line":64,"column":17},"end":{"line":64,"column":22}},{"start":{"line":64,"column":26},"end":{"line":64,"column":58}}],"line":64}},"s":{"0":1,"1":3,"2":3,"3":3,"4":3,"5":3,"6":1,"7":1,"8":1,"9":1,"10":1,"11":0,"12":1,"13":1,"14":0,"15":3,"16":1,"17":1},"f":{"0":3,"1":1,"2":1,"3":1},"b":{"0":[0,1],"1":[0,0],"2":[3,0]},"_coverageSchema":"1a1c01bbd47fc00a2c39e90264f33305004495a9","hash":"1c6a5bce7162fac96c1fb1a088ed4e7528a64c2e"}
,"/Users/techit/Documents/CS360/CS360_Project/client/src/components/Register/Register.jsx": {"path":"/Users/techit/Documents/CS360/CS360_Project/client/src/components/Register/Register.jsx","statementMap":{"0":{"start":{"line":5,"column":17},"end":{"line":164,"column":1}},"1":{"start":{"line":6,"column":36},"end":{"line":6,"column":48}},"2":{"start":{"line":7,"column":30},"end":{"line":7,"column":42}},"3":{"start":{"line":8,"column":36},"end":{"line":8,"column":48}},"4":{"start":{"line":9,"column":50},"end":{"line":9,"column":62}},"5":{"start":{"line":10,"column":30},"end":{"line":10,"column":42}},"6":{"start":{"line":11,"column":46},"end":{"line":11,"column":58}},"7":{"start":{"line":12,"column":46},"end":{"line":12,"column":58}},"8":{"start":{"line":13,"column":40},"end":{"line":13,"column":52}},"9":{"start":{"line":14,"column":60},"end":{"line":14,"column":72}},"10":{"start":{"line":15,"column":21},"end":{"line":15,"column":34}},"11":{"start":{"line":18,"column":29},"end":{"line":20,"column":5}},"12":{"start":{"line":19,"column":8},"end":{"line":19,"column":88}},"13":{"start":{"line":22,"column":29},"end":{"line":28,"column":5}},"14":{"start":{"line":23,"column":8},"end":{"line":23,"column":86}},"15":{"start":{"line":23,"column":33},"end":{"line":23,"column":86}},"16":{"start":{"line":24,"column":8},"end":{"line":24,"column":98}},"17":{"start":{"line":24,"column":37},"end":{"line":24,"column":98}},"18":{"start":{"line":25,"column":8},"end":{"line":25,"column":116}},"19":{"start":{"line":25,"column":54},"end":{"line":25,"column":116}},"20":{"start":{"line":26,"column":8},"end":{"line":26,"column":85}},"21":{"start":{"line":26,"column":34},"end":{"line":26,"column":85}},"22":{"start":{"line":27,"column":8},"end":{"line":27,"column":18}},"23":{"start":{"line":30,"column":26},"end":{"line":30,"column":107}},"24":{"start":{"line":30,"column":37},"end":{"line":30,"column":107}},"25":{"start":{"line":33,"column":33},"end":{"line":37,"column":5}},"26":{"start":{"line":34,"column":22},"end":{"line":34,"column":36}},"27":{"start":{"line":35,"column":8},"end":{"line":35,"column":27}},"28":{"start":{"line":36,"column":8},"end":{"line":36,"column":50}},"29":{"start":{"line":40,"column":25},"end":{"line":95,"column":5}},"30":{"start":{"line":41,"column":8},"end":{"line":41,"column":27}},"31":{"start":{"line":44,"column":8},"end":{"line":44,"column":21}},"32":{"start":{"line":45,"column":8},"end":{"line":45,"column":29}},"33":{"start":{"line":46,"column":8},"end":{"line":46,"column":26}},"34":{"start":{"line":47,"column":8},"end":{"line":47,"column":29}},"35":{"start":{"line":48,"column":8},"end":{"line":48,"column":36}},"36":{"start":{"line":50,"column":8},"end":{"line":57,"column":9}},"37":{"start":{"line":51,"column":12},"end":{"line":51,"column":60}},"38":{"start":{"line":52,"column":12},"end":{"line":52,"column":68}},"39":{"start":{"line":52,"column":27},"end":{"line":52,"column":68}},"40":{"start":{"line":53,"column":12},"end":{"line":53,"column":59}},"41":{"start":{"line":53,"column":24},"end":{"line":53,"column":59}},"42":{"start":{"line":54,"column":12},"end":{"line":54,"column":68}},"43":{"start":{"line":54,"column":27},"end":{"line":54,"column":68}},"44":{"start":{"line":55,"column":12},"end":{"line":55,"column":90}},"45":{"start":{"line":55,"column":34},"end":{"line":55,"column":90}},"46":{"start":{"line":56,"column":12},"end":{"line":56,"column":19}},"47":{"start":{"line":59,"column":37},"end":{"line":59,"column":57}},"48":{"start":{"line":60,"column":8},"end":{"line":63,"column":9}},"49":{"start":{"line":61,"column":12},"end":{"line":61,"column":48}},"50":{"start":{"line":62,"column":12},"end":{"line":62,"column":19}},"51":{"start":{"line":65,"column":40},"end":{"line":65,"column":66}},"52":{"start":{"line":66,"column":8},"end":{"line":69,"column":9}},"53":{"start":{"line":67,"column":12},"end":{"line":67,"column":54}},"54":{"start":{"line":68,"column":12},"end":{"line":68,"column":19}},"55":{"start":{"line":71,"column":8},"end":{"line":75,"column":9}},"56":{"start":{"line":72,"column":12},"end":{"line":72,"column":55}},"57":{"start":{"line":73,"column":12},"end":{"line":73,"column":62}},"58":{"start":{"line":74,"column":12},"end":{"line":74,"column":19}},"59":{"start":{"line":77,"column":8},"end":{"line":94,"column":9}},"60":{"start":{"line":78,"column":29},"end":{"line":82,"column":14}},"61":{"start":{"line":84,"column":25},"end":{"line":84,"column":46}},"62":{"start":{"line":86,"column":12},"end":{"line":89,"column":13}},"63":{"start":{"line":87,"column":33},"end":{"line":87,"column":76}},"64":{"start":{"line":88,"column":16},"end":{"line":88,"column":42}},"65":{"start":{"line":91,"column":12},"end":{"line":91,"column":31}},"66":{"start":{"line":93,"column":12},"end":{"line":93,"column":34}},"67":{"start":{"line":97,"column":4},"end":{"line":163,"column":6}},"68":{"start":{"line":108,"column":38},"end":{"line":108,"column":82}},"69":{"start":{"line":120,"column":41},"end":{"line":120,"column":65}},"70":{"start":{"line":121,"column":38},"end":{"line":121,"column":73}},"71":{"start":{"line":133,"column":41},"end":{"line":133,"column":68}},"72":{"start":{"line":134,"column":38},"end":{"line":134,"column":82}},"73":{"start":{"line":146,"column":41},"end":{"line":146,"column":75}},"74":{"start":{"line":148,"column":28},"end":{"line":152,"column":29}},"75":{"start":{"line":149,"column":32},"end":{"line":149,"column":82}},"76":{"start":{"line":151,"column":32},"end":{"line":151,"column":60}}},"fnMap":{"0":{"name":"(anonymous_0)","decl":{"start":{"line":5,"column":17},"end":{"line":5,"column":18}},"loc":{"start":{"line":5,"column":23},"end":{"line":164,"column":1}},"line":5},"1":{"name":"(anonymous_1)","decl":{"start":{"line":18,"column":29},"end":{"line":18,"column":30}},"loc":{"start":{"line":18,"column":43},"end":{"line":20,"column":5}},"line":18},"2":{"name":"(anonymous_2)","decl":{"start":{"line":22,"column":29},"end":{"line":22,"column":30}},"loc":{"start":{"line":22,"column":43},"end":{"line":28,"column":5}},"line":22},"3":{"name":"(anonymous_3)","decl":{"start":{"line":30,"column":26},"end":{"line":30,"column":27}},"loc":{"start":{"line":30,"column":37},"end":{"line":30,"column":107}},"line":30},"4":{"name":"(anonymous_4)","decl":{"start":{"line":33,"column":33},"end":{"line":33,"column":34}},"loc":{"start":{"line":33,"column":40},"end":{"line":37,"column":5}},"line":33},"5":{"name":"(anonymous_5)","decl":{"start":{"line":40,"column":25},"end":{"line":40,"column":26}},"loc":{"start":{"line":40,"column":38},"end":{"line":95,"column":5}},"line":40},"6":{"name":"(anonymous_6)","decl":{"start":{"line":108,"column":32},"end":{"line":108,"column":33}},"loc":{"start":{"line":108,"column":38},"end":{"line":108,"column":82}},"line":108},"7":{"name":"(anonymous_7)","decl":{"start":{"line":120,"column":34},"end":{"line":120,"column":35}},"loc":{"start":{"line":120,"column":41},"end":{"line":120,"column":65}},"line":120},"8":{"name":"(anonymous_8)","decl":{"start":{"line":121,"column":32},"end":{"line":121,"column":33}},"loc":{"start":{"line":121,"column":38},"end":{"line":121,"column":73}},"line":121},"9":{"name":"(anonymous_9)","decl":{"start":{"line":133,"column":34},"end":{"line":133,"column":35}},"loc":{"start":{"line":133,"column":41},"end":{"line":133,"column":68}},"line":133},"10":{"name":"(anonymous_10)","decl":{"start":{"line":134,"column":32},"end":{"line":134,"column":33}},"loc":{"start":{"line":134,"column":38},"end":{"line":134,"column":82}},"line":134},"11":{"name":"(anonymous_11)","decl":{"start":{"line":146,"column":34},"end":{"line":146,"column":35}},"loc":{"start":{"line":146,"column":41},"end":{"line":146,"column":75}},"line":146},"12":{"name":"(anonymous_12)","decl":{"start":{"line":147,"column":32},"end":{"line":147,"column":33}},"loc":{"start":{"line":147,"column":38},"end":{"line":153,"column":25}},"line":147}},"branchMap":{"0":{"loc":{"start":{"line":19,"column":15},"end":{"line":19,"column":87}},"type":"cond-expr","locations":[{"start":{"line":19,"column":37},"end":{"line":19,"column":82}},{"start":{"line":19,"column":85},"end":{"line":19,"column":87}}],"line":19},"1":{"loc":{"start":{"line":23,"column":8},"end":{"line":23,"column":86}},"type":"if","locations":[{"start":{"line":23,"column":8},"end":{"line":23,"column":86}},{"start":{},"end":{}}],"line":23},"2":{"loc":{"start":{"line":24,"column":8},"end":{"line":24,"column":98}},"type":"if","locations":[{"start":{"line":24,"column":8},"end":{"line":24,"column":98}},{"start":{},"end":{}}],"line":24},"3":{"loc":{"start":{"line":25,"column":8},"end":{"line":25,"column":116}},"type":"if","locations":[{"start":{"line":25,"column":8},"end":{"line":25,"column":116}},{"start":{},"end":{}}],"line":25},"4":{"loc":{"start":{"line":26,"column":8},"end":{"line":26,"column":85}},"type":"if","locations":[{"start":{"line":26,"column":8},"end":{"line":26,"column":85}},{"start":{},"end":{}}],"line":26},"5":{"loc":{"start":{"line":30,"column":37},"end":{"line":30,"column":107}},"type":"cond-expr","locations":[{"start":{"line":30,"column":80},"end":{"line":30,"column":82}},{"start":{"line":30,"column":85},"end":{"line":30,"column":107}}],"line":30},"6":{"loc":{"start":{"line":50,"column":8},"end":{"line":57,"column":9}},"type":"if","locations":[{"start":{"line":50,"column":8},"end":{"line":57,"column":9}},{"start":{},"end":{}}],"line":50},"7":{"loc":{"start":{"line":50,"column":12},"end":{"line":50,"column":64}},"type":"binary-expr","locations":[{"start":{"line":50,"column":12},"end":{"line":50,"column":21}},{"start":{"line":50,"column":25},"end":{"line":50,"column":31}},{"start":{"line":50,"column":35},"end":{"line":50,"column":44}},{"start":{"line":50,"column":48},"end":{"line":50,"column":64}}],"line":50},"8":{"loc":{"start":{"line":52,"column":12},"end":{"line":52,"column":68}},"type":"if","locations":[{"start":{"line":52,"column":12},"end":{"line":52,"column":68}},{"start":{},"end":{}}],"line":52},"9":{"loc":{"start":{"line":53,"column":12},"end":{"line":53,"column":59}},"type":"if","locations":[{"start":{"line":53,"column":12},"end":{"line":53,"column":59}},{"start":{},"end":{}}],"line":53},"10":{"loc":{"start":{"line":54,"column":12},"end":{"line":54,"column":68}},"type":"if","locations":[{"start":{"line":54,"column":12},"end":{"line":54,"column":68}},{"start":{},"end":{}}],"line":54},"11":{"loc":{"start":{"line":55,"column":12},"end":{"line":55,"column":90}},"type":"if","locations":[{"start":{"line":55,"column":12},"end":{"line":55,"column":90}},{"start":{},"end":{}}],"line":55},"12":{"loc":{"start":{"line":60,"column":8},"end":{"line":63,"column":9}},"type":"if","locations":[{"start":{"line":60,"column":8},"end":{"line":63,"column":9}},{"start":{},"end":{}}],"line":60},"13":{"loc":{"start":{"line":66,"column":8},"end":{"line":69,"column":9}},"type":"if","locations":[{"start":{"line":66,"column":8},"end":{"line":69,"column":9}},{"start":{},"end":{}}],"line":66},"14":{"loc":{"start":{"line":71,"column":8},"end":{"line":75,"column":9}},"type":"if","locations":[{"start":{"line":71,"column":8},"end":{"line":75,"column":9}},{"start":{},"end":{}}],"line":71},"15":{"loc":{"start":{"line":86,"column":12},"end":{"line":89,"column":13}},"type":"if","locations":[{"start":{"line":86,"column":12},"end":{"line":89,"column":13}},{"start":{},"end":{}}],"line":86},"16":{"loc":{"start":{"line":87,"column":33},"end":{"line":87,"column":76}},"type":"binary-expr","locations":[{"start":{"line":87,"column":33},"end":{"line":87,"column":52}},{"start":{"line":87,"column":56},"end":{"line":87,"column":76}}],"line":87},"17":{"loc":{"start":{"line":111,"column":21},"end":{"line":111,"column":78}},"type":"binary-expr","locations":[{"start":{"line":111,"column":21},"end":{"line":111,"column":34}},{"start":{"line":111,"column":38},"end":{"line":111,"column":78}}],"line":111},"18":{"loc":{"start":{"line":124,"column":21},"end":{"line":124,"column":72}},"type":"binary-expr","locations":[{"start":{"line":124,"column":21},"end":{"line":124,"column":31}},{"start":{"line":124,"column":35},"end":{"line":124,"column":72}}],"line":124},"19":{"loc":{"start":{"line":137,"column":21},"end":{"line":137,"column":78}},"type":"binary-expr","locations":[{"start":{"line":137,"column":21},"end":{"line":137,"column":34}},{"start":{"line":137,"column":38},"end":{"line":137,"column":78}}],"line":137},"20":{"loc":{"start":{"line":148,"column":28},"end":{"line":152,"column":29}},"type":"if","locations":[{"start":{"line":148,"column":28},"end":{"line":152,"column":29}},{"start":{"line":150,"column":35},"end":{"line":152,"column":29}}],"line":148},"21":{"loc":{"start":{"line":156,"column":21},"end":{"line":156,"column":92}},"type":"binary-expr","locations":[{"start":{"line":156,"column":21},"end":{"line":156,"column":41}},{"start":{"line":156,"column":45},"end":{"line":156,"column":92}}],"line":156},"22":{"loc":{"start":{"line":159,"column":17},"end":{"line":159,"column":58}},"type":"binary-expr","locations":[{"start":{"line":159,"column":17},"end":{"line":159,"column":22}},{"start":{"line":159,"column":26},"end":{"line":159,"column":58}}],"line":159}},"s":{"0":1,"1":28,"2":28,"3":28,"4":28,"5":28,"6":28,"7":28,"8":28,"9":28,"10":28,"11":28,"12":3,"13":28,"14":4,"15":1,"16":3,"17":1,"18":2,"19":0,"20":2,"21":1,"22":1,"23":28,"24":2,"25":28,"26":2,"27":2,"28":2,"29":28,"30":2,"31":2,"32":2,"33":2,"34":2,"35":2,"36":2,"37":1,"38":1,"39":1,"40":1,"41":1,"42":1,"43":1,"44":1,"45":1,"46":1,"47":1,"48":1,"49":0,"50":0,"51":1,"52":1,"53":0,"54":0,"55":1,"56":0,"57":0,"58":0,"59":1,"60":1,"61":1,"62":1,"63":0,"64":0,"65":1,"66":0,"67":28,"68":1,"69":2,"70":1,"71":5,"72":3,"73":2,"74":1,"75":1,"76":0},"f":{"0":28,"1":3,"2":4,"3":2,"4":2,"5":2,"6":1,"7":2,"8":1,"9":5,"10":3,"11":2,"12":1},"b":{"0":[2,1],"1":[1,3],"2":[1,2],"3":[0,2],"4":[1,1],"5":[1,1],"6":[1,1],"7":[2,1,1,1],"8":[1,0],"9":[1,0],"10":[1,0],"11":[1,0],"12":[0,1],"13":[0,1],"14":[0,1],"15":[0,1],"16":[0,0],"17":[28,3],"18":[28,2],"19":[28,4],"20":[1,0],"21":[28,2],"22":[28,1]},"_coverageSchema":"1a1c01bbd47fc00a2c39e90264f33305004495a9","hash":"d9beb1dc328fcc327fa004b3fa26097f2381ec7f"}
}
