{"/Users/techit/Documents/CS360/CS360_Project/backend/mockConfig/database.js": {"path":"/Users/techit/Documents/CS360/CS360_Project/backend/mockConfig/database.js","statementMap":{"0":{"start":{"line":1,"column":13},"end":{"line":1,"column":28}},"1":{"start":{"line":3,"column":0},"end":{"line":92,"column":2}},"2":{"start":{"line":4,"column":17},"end":{"line":4,"column":49}},"3":{"start":{"line":6,"column":22},"end":{"line":83,"column":3}},"4":{"start":{"line":85,"column":2},"end":{"line":91,"column":4}},"5":{"start":{"line":94,"column":22},"end":{"line":94,"column":42}},"6":{"start":{"line":96,"column":18},"end":{"line":100,"column":2}},"7":{"start":{"line":102,"column":0},"end":{"line":102,"column":27}}},"fnMap":{"0":{"name":"(anonymous_0)","decl":{"start":{"line":3,"column":17},"end":{"line":3,"column":18}},"loc":{"start":{"line":3,"column":30},"end":{"line":92,"column":1}},"line":3}},"branchMap":{"0":{"loc":{"start":{"line":15,"column":13},"end":{"line":25,"column":9}},"type":"binary-expr","locations":[{"start":{"line":15,"column":13},"end":{"line":15,"column":44}},{"start":{"line":15,"column":48},"end":{"line":25,"column":9}}],"line":15},"1":{"loc":{"start":{"line":36,"column":13},"end":{"line":46,"column":9}},"type":"binary-expr","locations":[{"start":{"line":36,"column":13},"end":{"line":36,"column":44}},{"start":{"line":36,"column":48},"end":{"line":46,"column":9}}],"line":36},"2":{"loc":{"start":{"line":58,"column":13},"end":{"line":68,"column":9}},"type":"binary-expr","locations":[{"start":{"line":58,"column":13},"end":{"line":58,"column":44}},{"start":{"line":58,"column":48},"end":{"line":68,"column":9}}],"line":58}},"s":{"0":1,"1":1,"2":0,"3":0,"4":0,"5":1,"6":1,"7":1},"f":{"0":0},"b":{"0":[0,0],"1":[0,0],"2":[0,0]},"_coverageSchema":"1a1c01bbd47fc00a2c39e90264f33305004495a9","hash":"c00e358ce5d4ded6deb1cd87dc31d242e35c6448"}
,"/Users/techit/Documents/CS360/CS360_Project/backend/mockConfig/server.js": {"path":"/Users/techit/Documents/CS360/CS360_Project/backend/mockConfig/server.js","statementMap":{"0":{"start":{"line":1,"column":0},"end":{"line":10,"column":3}},"1":{"start":{"line":1,"column":31},"end":{"line":10,"column":1}},"2":{"start":{"line":13,"column":16},"end":{"line":13,"column":34}},"3":{"start":{"line":14,"column":12},"end":{"line":14,"column":21}},"4":{"start":{"line":15,"column":18},"end":{"line":15,"column":39}},"5":{"start":{"line":16,"column":22},"end":{"line":16,"column":57}},"6":{"start":{"line":19,"column":0},"end":{"line":19,"column":24}},"7":{"start":{"line":20,"column":0},"end":{"line":20,"column":48}},"8":{"start":{"line":23,"column":0},"end":{"line":23,"column":31}},"9":{"start":{"line":26,"column":0},"end":{"line":29,"column":3}},"10":{"start":{"line":27,"column":2},"end":{"line":27,"column":27}},"11":{"start":{"line":28,"column":2},"end":{"line":28,"column":54}},"12":{"start":{"line":32,"column":0},"end":{"line":44,"column":1}},"13":{"start":{"line":33,"column":2},"end":{"line":43,"column":7}},"14":{"start":{"line":35,"column":6},"end":{"line":35,"column":53}},"15":{"start":{"line":36,"column":19},"end":{"line":36,"column":43}},"16":{"start":{"line":37,"column":6},"end":{"line":39,"column":9}},"17":{"start":{"line":38,"column":8},"end":{"line":38,"column":57}},"18":{"start":{"line":42,"column":6},"end":{"line":42,"column":55}},"19":{"start":{"line":47,"column":0},"end":{"line":47,"column":21}}},"fnMap":{"0":{"name":"(anonymous_0)","decl":{"start":{"line":1,"column":17},"end":{"line":1,"column":18}},"loc":{"start":{"line":1,"column":31},"end":{"line":10,"column":1}},"line":1},"1":{"name":"(anonymous_1)","decl":{"start":{"line":26,"column":8},"end":{"line":26,"column":9}},"loc":{"start":{"line":26,"column":33},"end":{"line":29,"column":1}},"line":26},"2":{"name":"(anonymous_2)","decl":{"start":{"line":34,"column":10},"end":{"line":34,"column":11}},"loc":{"start":{"line":34,"column":16},"end":{"line":40,"column":5}},"line":34},"3":{"name":"(anonymous_3)","decl":{"start":{"line":37,"column":23},"end":{"line":37,"column":24}},"loc":{"start":{"line":37,"column":29},"end":{"line":39,"column":7}},"line":37},"4":{"name":"(anonymous_4)","decl":{"start":{"line":41,"column":11},"end":{"line":41,"column":12}},"loc":{"start":{"line":41,"column":18},"end":{"line":43,"column":5}},"line":41}},"branchMap":{"0":{"loc":{"start":{"line":32,"column":0},"end":{"line":44,"column":1}},"type":"if","locations":[{"start":{"line":32,"column":0},"end":{"line":44,"column":1}},{"start":{},"end":{}}],"line":32},"1":{"loc":{"start":{"line":36,"column":19},"end":{"line":36,"column":43}},"type":"binary-expr","locations":[{"start":{"line":36,"column":19},"end":{"line":36,"column":35}},{"start":{"line":36,"column":39},"end":{"line":36,"column":43}}],"line":36}},"s":{"0":1,"1":0,"2":1,"3":1,"4":1,"5":1,"6":1,"7":1,"8":1,"9":1,"10":0,"11":0,"12":1,"13":0,"14":0,"15":0,"16":0,"17":0,"18":0,"19":1},"f":{"0":0,"1":0,"2":0,"3":0,"4":0},"b":{"0":[0,1],"1":[0,0]},"_coverageSchema":"1a1c01bbd47fc00a2c39e90264f33305004495a9","hash":"319a411c12e91ebd061df0dd56fede7785b1b892"}
,"/Users/techit/Documents/CS360/CS360_Project/backend/models/Account.js": {"path":"/Users/techit/Documents/CS360/CS360_Project/backend/models/Account.js","statementMap":{"0":{"start":{"line":1,"column":29},"end":{"line":1,"column":49}},"1":{"start":{"line":2,"column":18},"end":{"line":2,"column":51}},"2":{"start":{"line":6,"column":0},"end":{"line":35,"column":3}},"3":{"start":{"line":37,"column":0},"end":{"line":37,"column":25}}},"fnMap":{},"branchMap":{},"s":{"0":1,"1":1,"2":1,"3":1},"f":{},"b":{},"_coverageSchema":"1a1c01bbd47fc00a2c39e90264f33305004495a9","hash":"232c28c3324d728ebd45d0826313b3ee223f7908"}
,"/Users/techit/Documents/CS360/CS360_Project/backend/routes/account.routes.js": {"path":"/Users/techit/Documents/CS360/CS360_Project/backend/routes/account.routes.js","statementMap":{"0":{"start":{"line":1,"column":16},"end":{"line":1,"column":34}},"1":{"start":{"line":2,"column":15},"end":{"line":2,"column":31}},"2":{"start":{"line":3,"column":16},"end":{"line":3,"column":44}},"3":{"start":{"line":6,"column":0},"end":{"line":13,"column":3}},"4":{"start":{"line":7,"column":2},"end":{"line":12,"column":3}},"5":{"start":{"line":8,"column":20},"end":{"line":8,"column":50}},"6":{"start":{"line":9,"column":4},"end":{"line":9,"column":34}},"7":{"start":{"line":11,"column":4},"end":{"line":11,"column":51}},"8":{"start":{"line":16,"column":0},"end":{"line":23,"column":3}},"9":{"start":{"line":17,"column":2},"end":{"line":22,"column":3}},"10":{"start":{"line":18,"column":21},"end":{"line":18,"column":44}},"11":{"start":{"line":19,"column":4},"end":{"line":19,"column":23}},"12":{"start":{"line":21,"column":4},"end":{"line":21,"column":51}},"13":{"start":{"line":26,"column":0},"end":{"line":36,"column":3}},"14":{"start":{"line":27,"column":2},"end":{"line":35,"column":3}},"15":{"start":{"line":28,"column":20},"end":{"line":28,"column":57}},"16":{"start":{"line":29,"column":4},"end":{"line":31,"column":5}},"17":{"start":{"line":30,"column":6},"end":{"line":30,"column":66}},"18":{"start":{"line":32,"column":4},"end":{"line":32,"column":22}},"19":{"start":{"line":34,"column":4},"end":{"line":34,"column":51}},"20":{"start":{"line":39,"column":0},"end":{"line":50,"column":3}},"21":{"start":{"line":40,"column":2},"end":{"line":49,"column":3}},"22":{"start":{"line":41,"column":20},"end":{"line":41,"column":57}},"23":{"start":{"line":42,"column":4},"end":{"line":44,"column":5}},"24":{"start":{"line":43,"column":6},"end":{"line":43,"column":66}},"25":{"start":{"line":45,"column":4},"end":{"line":45,"column":35}},"26":{"start":{"line":46,"column":4},"end":{"line":46,"column":22}},"27":{"start":{"line":48,"column":4},"end":{"line":48,"column":51}},"28":{"start":{"line":53,"column":0},"end":{"line":64,"column":3}},"29":{"start":{"line":54,"column":2},"end":{"line":63,"column":3}},"30":{"start":{"line":55,"column":20},"end":{"line":55,"column":57}},"31":{"start":{"line":56,"column":4},"end":{"line":58,"column":5}},"32":{"start":{"line":57,"column":6},"end":{"line":57,"column":66}},"33":{"start":{"line":59,"column":4},"end":{"line":59,"column":28}},"34":{"start":{"line":60,"column":4},"end":{"line":60,"column":27}},"35":{"start":{"line":62,"column":4},"end":{"line":62,"column":51}},"36":{"start":{"line":66,"column":0},"end":{"line":66,"column":24}}},"fnMap":{"0":{"name":"(anonymous_0)","decl":{"start":{"line":6,"column":25},"end":{"line":6,"column":26}},"loc":{"start":{"line":6,"column":45},"end":{"line":13,"column":1}},"line":6},"1":{"name":"(anonymous_1)","decl":{"start":{"line":16,"column":24},"end":{"line":16,"column":25}},"loc":{"start":{"line":16,"column":44},"end":{"line":23,"column":1}},"line":16},"2":{"name":"(anonymous_2)","decl":{"start":{"line":26,"column":28},"end":{"line":26,"column":29}},"loc":{"start":{"line":26,"column":48},"end":{"line":36,"column":1}},"line":26},"3":{"name":"(anonymous_3)","decl":{"start":{"line":39,"column":28},"end":{"line":39,"column":29}},"loc":{"start":{"line":39,"column":48},"end":{"line":50,"column":1}},"line":39},"4":{"name":"(anonymous_4)","decl":{"start":{"line":53,"column":31},"end":{"line":53,"column":32}},"loc":{"start":{"line":53,"column":51},"end":{"line":64,"column":1}},"line":53}},"branchMap":{"0":{"loc":{"start":{"line":29,"column":4},"end":{"line":31,"column":5}},"type":"if","locations":[{"start":{"line":29,"column":4},"end":{"line":31,"column":5}},{"start":{},"end":{}}],"line":29},"1":{"loc":{"start":{"line":42,"column":4},"end":{"line":44,"column":5}},"type":"if","locations":[{"start":{"line":42,"column":4},"end":{"line":44,"column":5}},{"start":{},"end":{}}],"line":42},"2":{"loc":{"start":{"line":56,"column":4},"end":{"line":58,"column":5}},"type":"if","locations":[{"start":{"line":56,"column":4},"end":{"line":58,"column":5}},{"start":{},"end":{}}],"line":56}},"s":{"0":1,"1":1,"2":1,"3":1,"4":2,"5":2,"6":1,"7":1,"8":1,"9":1,"10":1,"11":1,"12":0,"13":1,"14":2,"15":2,"16":2,"17":1,"18":1,"19":0,"20":1,"21":2,"22":2,"23":2,"24":1,"25":1,"26":1,"27":0,"28":1,"29":1,"30":1,"31":1,"32":0,"33":1,"34":1,"35":0,"36":1},"f":{"0":2,"1":1,"2":2,"3":2,"4":1},"b":{"0":[1,1],"1":[1,1],"2":[0,1]},"_coverageSchema":"1a1c01bbd47fc00a2c39e90264f33305004495a9","hash":"8aaeb78e3f12d15eb709680ab7256e26cbcf1983"}
,"/Users/techit/Documents/CS360/CS360_Project/client/src/components/Register/Register.jsx": {"path":"/Users/techit/Documents/CS360/CS360_Project/client/src/components/Register/Register.jsx","statementMap":{"0":{"start":{"line":5,"column":17},"end":{"line":216,"column":1}},"1":{"start":{"line":6,"column":36},"end":{"line":6,"column":48}},"2":{"start":{"line":7,"column":30},"end":{"line":7,"column":42}},"3":{"start":{"line":8,"column":36},"end":{"line":8,"column":48}},"4":{"start":{"line":9,"column":50},"end":{"line":9,"column":62}},"5":{"start":{"line":10,"column":30},"end":{"line":10,"column":42}},"6":{"start":{"line":11,"column":46},"end":{"line":11,"column":58}},"7":{"start":{"line":12,"column":46},"end":{"line":12,"column":58}},"8":{"start":{"line":13,"column":40},"end":{"line":13,"column":52}},"9":{"start":{"line":14,"column":60},"end":{"line":14,"column":72}},"10":{"start":{"line":15,"column":21},"end":{"line":15,"column":34}},"11":{"start":{"line":18,"column":29},"end":{"line":35,"column":5}},"12":{"start":{"line":19,"column":8},"end":{"line":21,"column":9}},"13":{"start":{"line":20,"column":12},"end":{"line":20,"column":65}},"14":{"start":{"line":22,"column":31},"end":{"line":22,"column":38}},"15":{"start":{"line":23,"column":8},"end":{"line":25,"column":9}},"16":{"start":{"line":24,"column":12},"end":{"line":24,"column":73}},"17":{"start":{"line":26,"column":33},"end":{"line":26,"column":57}},"18":{"start":{"line":27,"column":8},"end":{"line":29,"column":9}},"19":{"start":{"line":28,"column":12},"end":{"line":28,"column":74}},"20":{"start":{"line":30,"column":28},"end":{"line":30,"column":32}},"21":{"start":{"line":31,"column":8},"end":{"line":33,"column":9}},"22":{"start":{"line":32,"column":12},"end":{"line":32,"column":63}},"23":{"start":{"line":34,"column":8},"end":{"line":34,"column":18}},"24":{"start":{"line":38,"column":26},"end":{"line":44,"column":5}},"25":{"start":{"line":39,"column":27},"end":{"line":39,"column":55}},"26":{"start":{"line":40,"column":8},"end":{"line":42,"column":9}},"27":{"start":{"line":41,"column":12},"end":{"line":41,"column":42}},"28":{"start":{"line":43,"column":8},"end":{"line":43,"column":18}},"29":{"start":{"line":47,"column":26},"end":{"line":65,"column":5}},"30":{"start":{"line":48,"column":8},"end":{"line":48,"column":30}},"31":{"start":{"line":48,"column":23},"end":{"line":48,"column":30}},"32":{"start":{"line":49,"column":8},"end":{"line":64,"column":9}},"33":{"start":{"line":50,"column":29},"end":{"line":50,"column":124}},"34":{"start":{"line":51,"column":25},"end":{"line":51,"column":46}},"35":{"start":{"line":53,"column":12},"end":{"line":55,"column":13}},"36":{"start":{"line":54,"column":16},"end":{"line":54,"column":76}},"37":{"start":{"line":57,"column":12},"end":{"line":61,"column":13}},"38":{"start":{"line":58,"column":16},"end":{"line":58,"column":62}},"39":{"start":{"line":60,"column":16},"end":{"line":60,"column":37}},"40":{"start":{"line":63,"column":12},"end":{"line":63,"column":42}},"41":{"start":{"line":69,"column":25},"end":{"line":145,"column":5}},"42":{"start":{"line":70,"column":8},"end":{"line":70,"column":27}},"43":{"start":{"line":73,"column":8},"end":{"line":73,"column":21}},"44":{"start":{"line":74,"column":8},"end":{"line":74,"column":29}},"45":{"start":{"line":75,"column":8},"end":{"line":75,"column":26}},"46":{"start":{"line":76,"column":8},"end":{"line":76,"column":29}},"47":{"start":{"line":77,"column":8},"end":{"line":77,"column":36}},"48":{"start":{"line":80,"column":8},"end":{"line":82,"column":9}},"49":{"start":{"line":81,"column":12},"end":{"line":81,"column":53}},"50":{"start":{"line":83,"column":8},"end":{"line":85,"column":9}},"51":{"start":{"line":84,"column":12},"end":{"line":84,"column":47}},"52":{"start":{"line":86,"column":8},"end":{"line":88,"column":9}},"53":{"start":{"line":87,"column":12},"end":{"line":87,"column":53}},"54":{"start":{"line":89,"column":8},"end":{"line":91,"column":9}},"55":{"start":{"line":90,"column":12},"end":{"line":90,"column":68}},"56":{"start":{"line":94,"column":8},"end":{"line":97,"column":9}},"57":{"start":{"line":95,"column":12},"end":{"line":95,"column":60}},"58":{"start":{"line":96,"column":12},"end":{"line":96,"column":19}},"59":{"start":{"line":100,"column":37},"end":{"line":100,"column":57}},"60":{"start":{"line":101,"column":8},"end":{"line":104,"column":9}},"61":{"start":{"line":102,"column":12},"end":{"line":102,"column":48}},"62":{"start":{"line":103,"column":12},"end":{"line":103,"column":19}},"63":{"start":{"line":106,"column":40},"end":{"line":106,"column":66}},"64":{"start":{"line":107,"column":8},"end":{"line":110,"column":9}},"65":{"start":{"line":108,"column":12},"end":{"line":108,"column":54}},"66":{"start":{"line":109,"column":12},"end":{"line":109,"column":19}},"67":{"start":{"line":112,"column":8},"end":{"line":116,"column":9}},"68":{"start":{"line":113,"column":12},"end":{"line":113,"column":55}},"69":{"start":{"line":114,"column":12},"end":{"line":114,"column":62}},"70":{"start":{"line":115,"column":12},"end":{"line":115,"column":19}},"71":{"start":{"line":119,"column":8},"end":{"line":144,"column":9}},"72":{"start":{"line":120,"column":29},"end":{"line":132,"column":14}},"73":{"start":{"line":134,"column":25},"end":{"line":134,"column":46}},"74":{"start":{"line":136,"column":12},"end":{"line":138,"column":13}},"75":{"start":{"line":137,"column":16},"end":{"line":137,"column":70}},"76":{"start":{"line":141,"column":12},"end":{"line":141,"column":31}},"77":{"start":{"line":143,"column":12},"end":{"line":143,"column":34}},"78":{"start":{"line":148,"column":31},"end":{"line":150,"column":5}},"79":{"start":{"line":149,"column":8},"end":{"line":149,"column":24}},"80":{"start":{"line":152,"column":4},"end":{"line":215,"column":6}},"81":{"start":{"line":162,"column":41},"end":{"line":162,"column":68}},"82":{"start":{"line":175,"column":41},"end":{"line":175,"column":65}},"83":{"start":{"line":176,"column":38},"end":{"line":176,"column":73}},"84":{"start":{"line":187,"column":41},"end":{"line":187,"column":68}},"85":{"start":{"line":188,"column":38},"end":{"line":188,"column":82}},"86":{"start":{"line":199,"column":41},"end":{"line":199,"column":75}},"87":{"start":{"line":201,"column":28},"end":{"line":205,"column":29}},"88":{"start":{"line":202,"column":32},"end":{"line":202,"column":82}},"89":{"start":{"line":204,"column":32},"end":{"line":204,"column":60}}},"fnMap":{"0":{"name":"(anonymous_0)","decl":{"start":{"line":5,"column":17},"end":{"line":5,"column":18}},"loc":{"start":{"line":5,"column":23},"end":{"line":216,"column":1}},"line":5},"1":{"name":"(anonymous_1)","decl":{"start":{"line":18,"column":29},"end":{"line":18,"column":30}},"loc":{"start":{"line":18,"column":43},"end":{"line":35,"column":5}},"line":18},"2":{"name":"(anonymous_2)","decl":{"start":{"line":38,"column":26},"end":{"line":38,"column":27}},"loc":{"start":{"line":38,"column":37},"end":{"line":44,"column":5}},"line":38},"3":{"name":"(anonymous_3)","decl":{"start":{"line":47,"column":26},"end":{"line":47,"column":27}},"loc":{"start":{"line":47,"column":38},"end":{"line":65,"column":5}},"line":47},"4":{"name":"(anonymous_4)","decl":{"start":{"line":69,"column":25},"end":{"line":69,"column":26}},"loc":{"start":{"line":69,"column":38},"end":{"line":145,"column":5}},"line":69},"5":{"name":"(anonymous_5)","decl":{"start":{"line":148,"column":31},"end":{"line":148,"column":32}},"loc":{"start":{"line":148,"column":37},"end":{"line":150,"column":5}},"line":148},"6":{"name":"(anonymous_6)","decl":{"start":{"line":162,"column":34},"end":{"line":162,"column":35}},"loc":{"start":{"line":162,"column":41},"end":{"line":162,"column":68}},"line":162},"7":{"name":"(anonymous_7)","decl":{"start":{"line":175,"column":34},"end":{"line":175,"column":35}},"loc":{"start":{"line":175,"column":41},"end":{"line":175,"column":65}},"line":175},"8":{"name":"(anonymous_8)","decl":{"start":{"line":176,"column":32},"end":{"line":176,"column":33}},"loc":{"start":{"line":176,"column":38},"end":{"line":176,"column":73}},"line":176},"9":{"name":"(anonymous_9)","decl":{"start":{"line":187,"column":34},"end":{"line":187,"column":35}},"loc":{"start":{"line":187,"column":41},"end":{"line":187,"column":68}},"line":187},"10":{"name":"(anonymous_10)","decl":{"start":{"line":188,"column":32},"end":{"line":188,"column":33}},"loc":{"start":{"line":188,"column":38},"end":{"line":188,"column":82}},"line":188},"11":{"name":"(anonymous_11)","decl":{"start":{"line":199,"column":34},"end":{"line":199,"column":35}},"loc":{"start":{"line":199,"column":41},"end":{"line":199,"column":75}},"line":199},"12":{"name":"(anonymous_12)","decl":{"start":{"line":200,"column":32},"end":{"line":200,"column":33}},"loc":{"start":{"line":200,"column":38},"end":{"line":206,"column":25}},"line":200}},"branchMap":{"0":{"loc":{"start":{"line":19,"column":8},"end":{"line":21,"column":9}},"type":"if","locations":[{"start":{"line":19,"column":8},"end":{"line":21,"column":9}},{"start":{},"end":{}}],"line":19},"1":{"loc":{"start":{"line":23,"column":8},"end":{"line":25,"column":9}},"type":"if","locations":[{"start":{"line":23,"column":8},"end":{"line":25,"column":9}},{"start":{},"end":{}}],"line":23},"2":{"loc":{"start":{"line":27,"column":8},"end":{"line":29,"column":9}},"type":"if","locations":[{"start":{"line":27,"column":8},"end":{"line":29,"column":9}},{"start":{},"end":{}}],"line":27},"3":{"loc":{"start":{"line":31,"column":8},"end":{"line":33,"column":9}},"type":"if","locations":[{"start":{"line":31,"column":8},"end":{"line":33,"column":9}},{"start":{},"end":{}}],"line":31},"4":{"loc":{"start":{"line":40,"column":8},"end":{"line":42,"column":9}},"type":"if","locations":[{"start":{"line":40,"column":8},"end":{"line":42,"column":9}},{"start":{},"end":{}}],"line":40},"5":{"loc":{"start":{"line":48,"column":8},"end":{"line":48,"column":30}},"type":"if","locations":[{"start":{"line":48,"column":8},"end":{"line":48,"column":30}},{"start":{},"end":{}}],"line":48},"6":{"loc":{"start":{"line":53,"column":12},"end":{"line":55,"column":13}},"type":"if","locations":[{"start":{"line":53,"column":12},"end":{"line":55,"column":13}},{"start":{},"end":{}}],"line":53},"7":{"loc":{"start":{"line":54,"column":32},"end":{"line":54,"column":74}},"type":"binary-expr","locations":[{"start":{"line":54,"column":32},"end":{"line":54,"column":44}},{"start":{"line":54,"column":48},"end":{"line":54,"column":74}}],"line":54},"8":{"loc":{"start":{"line":57,"column":12},"end":{"line":61,"column":13}},"type":"if","locations":[{"start":{"line":57,"column":12},"end":{"line":61,"column":13}},{"start":{"line":59,"column":19},"end":{"line":61,"column":13}}],"line":57},"9":{"loc":{"start":{"line":57,"column":16},"end":{"line":57,"column":49}},"type":"binary-expr","locations":[{"start":{"line":57,"column":16},"end":{"line":57,"column":25}},{"start":{"line":57,"column":29},"end":{"line":57,"column":49}}],"line":57},"10":{"loc":{"start":{"line":80,"column":8},"end":{"line":82,"column":9}},"type":"if","locations":[{"start":{"line":80,"column":8},"end":{"line":82,"column":9}},{"start":{},"end":{}}],"line":80},"11":{"loc":{"start":{"line":83,"column":8},"end":{"line":85,"column":9}},"type":"if","locations":[{"start":{"line":83,"column":8},"end":{"line":85,"column":9}},{"start":{},"end":{}}],"line":83},"12":{"loc":{"start":{"line":86,"column":8},"end":{"line":88,"column":9}},"type":"if","locations":[{"start":{"line":86,"column":8},"end":{"line":88,"column":9}},{"start":{},"end":{}}],"line":86},"13":{"loc":{"start":{"line":89,"column":8},"end":{"line":91,"column":9}},"type":"if","locations":[{"start":{"line":89,"column":8},"end":{"line":91,"column":9}},{"start":{},"end":{}}],"line":89},"14":{"loc":{"start":{"line":94,"column":8},"end":{"line":97,"column":9}},"type":"if","locations":[{"start":{"line":94,"column":8},"end":{"line":97,"column":9}},{"start":{},"end":{}}],"line":94},"15":{"loc":{"start":{"line":94,"column":12},"end":{"line":94,"column":64}},"type":"binary-expr","locations":[{"start":{"line":94,"column":12},"end":{"line":94,"column":21}},{"start":{"line":94,"column":25},"end":{"line":94,"column":31}},{"start":{"line":94,"column":35},"end":{"line":94,"column":44}},{"start":{"line":94,"column":48},"end":{"line":94,"column":64}}],"line":94},"16":{"loc":{"start":{"line":101,"column":8},"end":{"line":104,"column":9}},"type":"if","locations":[{"start":{"line":101,"column":8},"end":{"line":104,"column":9}},{"start":{},"end":{}}],"line":101},"17":{"loc":{"start":{"line":107,"column":8},"end":{"line":110,"column":9}},"type":"if","locations":[{"start":{"line":107,"column":8},"end":{"line":110,"column":9}},{"start":{},"end":{}}],"line":107},"18":{"loc":{"start":{"line":112,"column":8},"end":{"line":116,"column":9}},"type":"if","locations":[{"start":{"line":112,"column":8},"end":{"line":116,"column":9}},{"start":{},"end":{}}],"line":112},"19":{"loc":{"start":{"line":136,"column":12},"end":{"line":138,"column":13}},"type":"if","locations":[{"start":{"line":136,"column":12},"end":{"line":138,"column":13}},{"start":{},"end":{}}],"line":136},"20":{"loc":{"start":{"line":137,"column":32},"end":{"line":137,"column":68}},"type":"binary-expr","locations":[{"start":{"line":137,"column":32},"end":{"line":137,"column":44}},{"start":{"line":137,"column":48},"end":{"line":137,"column":68}}],"line":137},"21":{"loc":{"start":{"line":166,"column":21},"end":{"line":166,"column":78}},"type":"binary-expr","locations":[{"start":{"line":166,"column":21},"end":{"line":166,"column":34}},{"start":{"line":166,"column":38},"end":{"line":166,"column":78}}],"line":166},"22":{"loc":{"start":{"line":178,"column":21},"end":{"line":178,"column":72}},"type":"binary-expr","locations":[{"start":{"line":178,"column":21},"end":{"line":178,"column":31}},{"start":{"line":178,"column":35},"end":{"line":178,"column":72}}],"line":178},"23":{"loc":{"start":{"line":190,"column":21},"end":{"line":190,"column":78}},"type":"binary-expr","locations":[{"start":{"line":190,"column":21},"end":{"line":190,"column":34}},{"start":{"line":190,"column":38},"end":{"line":190,"column":78}}],"line":190},"24":{"loc":{"start":{"line":201,"column":28},"end":{"line":205,"column":29}},"type":"if","locations":[{"start":{"line":201,"column":28},"end":{"line":205,"column":29}},{"start":{"line":203,"column":35},"end":{"line":205,"column":29}}],"line":201},"25":{"loc":{"start":{"line":208,"column":21},"end":{"line":208,"column":92}},"type":"binary-expr","locations":[{"start":{"line":208,"column":21},"end":{"line":208,"column":41}},{"start":{"line":208,"column":45},"end":{"line":208,"column":92}}],"line":208},"26":{"loc":{"start":{"line":211,"column":17},"end":{"line":211,"column":58}},"type":"binary-expr","locations":[{"start":{"line":211,"column":17},"end":{"line":211,"column":22}},{"start":{"line":211,"column":26},"end":{"line":211,"column":58}}],"line":211}},"s":{"0":1,"1":31,"2":31,"3":31,"4":31,"5":31,"6":31,"7":31,"8":31,"9":31,"10":31,"11":31,"12":4,"13":1,"14":3,"15":3,"16":1,"17":2,"18":2,"19":0,"20":2,"21":2,"22":1,"23":1,"24":31,"25":2,"26":2,"27":1,"28":1,"29":31,"30":2,"31":0,"32":2,"33":2,"34":2,"35":1,"36":0,"37":1,"38":1,"39":0,"40":1,"41":31,"42":2,"43":2,"44":2,"45":2,"46":2,"47":2,"48":2,"49":1,"50":2,"51":1,"52":2,"53":1,"54":2,"55":1,"56":2,"57":1,"58":1,"59":1,"60":1,"61":0,"62":0,"63":1,"64":1,"65":0,"66":0,"67":1,"68":0,"69":0,"70":0,"71":1,"72":1,"73":1,"74":1,"75":0,"76":1,"77":0,"78":31,"79":2,"80":31,"81":3,"82":2,"83":1,"84":5,"85":3,"86":2,"87":1,"88":1,"89":0},"f":{"0":31,"1":4,"2":2,"3":2,"4":2,"5":2,"6":3,"7":2,"8":1,"9":5,"10":3,"11":2,"12":1},"b":{"0":[1,3],"1":[1,2],"2":[0,2],"3":[1,1],"4":[1,1],"5":[0,2],"6":[0,1],"7":[0,0],"8":[1,0],"9":[1,1],"10":[1,1],"11":[1,1],"12":[1,1],"13":[1,1],"14":[1,1],"15":[2,1,1,1],"16":[0,1],"17":[0,1],"18":[0,1],"19":[0,1],"20":[0,0],"21":[31,3],"22":[31,2],"23":[31,4],"24":[1,0],"25":[31,2],"26":[31,1]},"_coverageSchema":"1a1c01bbd47fc00a2c39e90264f33305004495a9","hash":"f8f484b660f37d3aea0be1bd076a76eb5d2df31c"}
}
