TN:
SF:client\src\components\Register\Register.jsx
FN:5,(anonymous_0)
FN:18,(anonymous_1)
FN:38,(anonymous_2)
FN:47,(anonymous_3)
FN:69,(anonymous_4)
FN:148,(anonymous_5)
FN:162,(anonymous_6)
FN:175,(anonymous_7)
FN:176,(anonymous_8)
FN:187,(anonymous_9)
FN:188,(anonymous_10)
FN:199,(anonymous_11)
FN:200,(anonymous_12)
FNF:13
FNH:13
FNDA:31,(anonymous_0)
FNDA:4,(anonymous_1)
FNDA:2,(anonymous_2)
FNDA:2,(anonymous_3)
FNDA:2,(anonymous_4)
FNDA:2,(anonymous_5)
FNDA:3,(anonymous_6)
FNDA:2,(anonymous_7)
FNDA:1,(anonymous_8)
FNDA:5,(anonymous_9)
FNDA:3,(anonymous_10)
FNDA:2,(anonymous_11)
FNDA:1,(anonymous_12)
DA:5,1
DA:6,31
DA:7,31
DA:8,31
DA:9,31
DA:10,31
DA:11,31
DA:12,31
DA:13,31
DA:14,31
DA:15,31
DA:18,31
DA:19,4
DA:20,1
DA:22,3
DA:23,3
DA:24,1
DA:26,2
DA:27,2
DA:28,0
DA:30,2
DA:31,2
DA:32,1
DA:34,1
DA:38,31
DA:39,2
DA:40,2
DA:41,1
DA:43,1
DA:47,31
DA:48,2
DA:49,2
DA:50,2
DA:51,2
DA:53,1
DA:54,0
DA:57,1
DA:58,1
DA:60,0
DA:63,1
DA:69,31
DA:70,2
DA:73,2
DA:74,2
DA:75,2
DA:76,2
DA:77,2
DA:80,2
DA:81,1
DA:83,2
DA:84,1
DA:86,2
DA:87,1
DA:89,2
DA:90,1
DA:94,2
DA:95,1
DA:96,1
DA:100,1
DA:101,1
DA:102,0
DA:103,0
DA:106,1
DA:107,1
DA:108,0
DA:109,0
DA:112,1
DA:113,0
DA:114,0
DA:115,0
DA:119,1
DA:120,1
DA:134,1
DA:136,1
DA:137,0
DA:141,1
DA:143,0
DA:148,31
DA:149,2
DA:152,31
DA:162,3
DA:175,2
DA:176,1
DA:187,5
DA:188,3
DA:199,2
DA:201,1
DA:202,1
DA:204,0
LF:89
LH:76
BRDA:19,0,0,1
BRDA:19,0,1,3
BRDA:23,1,0,1
BRDA:23,1,1,2
BRDA:27,2,0,0
BRDA:27,2,1,2
BRDA:31,3,0,1
BRDA:31,3,1,1
BRDA:40,4,0,1
BRDA:40,4,1,1
BRDA:48,5,0,0
BRDA:48,5,1,2
BRDA:53,6,0,0
BRDA:53,6,1,1
BRDA:54,7,0,0
BRDA:54,7,1,0
BRDA:57,8,0,1
BRDA:57,8,1,0
BRDA:57,9,0,1
BRDA:57,9,1,1
BRDA:80,10,0,1
BRDA:80,10,1,1
BRDA:83,11,0,1
BRDA:83,11,1,1
BRDA:86,12,0,1
BRDA:86,12,1,1
BRDA:89,13,0,1
BRDA:89,13,1,1
BRDA:94,14,0,1
BRDA:94,14,1,1
BRDA:94,15,0,2
BRDA:94,15,1,1
BRDA:94,15,2,1
BRDA:94,15,3,1
BRDA:101,16,0,0
BRDA:101,16,1,1
BRDA:107,17,0,0
BRDA:107,17,1,1
BRDA:112,18,0,0
BRDA:112,18,1,1
BRDA:136,19,0,0
BRDA:136,19,1,1
BRDA:137,20,0,0
BRDA:137,20,1,0
BRDA:166,21,0,31
BRDA:166,21,1,3
BRDA:178,22,0,31
BRDA:178,22,1,2
BRDA:190,23,0,31
BRDA:190,23,1,4
BRDA:201,24,0,1
BRDA:201,24,1,0
BRDA:208,25,0,31
BRDA:208,25,1,2
BRDA:211,26,0,31
BRDA:211,26,1,1
BRF:56
BRH:43
end_of_record
