TN:
SF:backend/mockConfig/database.js
FN:3,(anonymous_0)
FNF:1
FNH:0
FNDA:0,(anonymous_0)
DA:1,1
DA:3,1
DA:4,0
DA:6,0
DA:85,0
DA:94,1
DA:96,1
DA:102,1
LF:8
LH:5
BRDA:15,0,0,0
BRDA:15,0,1,0
BRDA:36,1,0,0
BRDA:36,1,1,0
BRDA:58,2,0,0
BRDA:58,2,1,0
BRF:6
BRH:0
end_of_record
TN:
SF:backend/mockConfig/server.js
FN:1,(anonymous_0)
FN:26,(anonymous_1)
FN:34,(anonymous_2)
FN:37,(anonymous_3)
FN:41,(anonymous_4)
FNF:5
FNH:0
FNDA:0,(anonymous_0)
FNDA:0,(anonymous_1)
FNDA:0,(anonymous_2)
FNDA:0,(anonymous_3)
FNDA:0,(anonymous_4)
DA:1,1
DA:13,1
DA:14,1
DA:15,1
DA:16,1
DA:19,1
DA:20,1
DA:23,1
DA:26,1
DA:27,0
DA:28,0
DA:32,1
DA:33,0
DA:35,0
DA:36,0
DA:37,0
DA:38,0
DA:42,0
DA:47,1
LF:19
LH:11
BRDA:32,0,0,0
BRDA:32,0,1,1
BRDA:36,1,0,0
BRDA:36,1,1,0
BRF:4
BRH:1
end_of_record
TN:
SF:backend/models/Account.js
FNF:0
FNH:0
DA:1,1
DA:2,1
DA:6,1
DA:37,1
LF:4
LH:4
BRF:0
BRH:0
end_of_record
TN:
SF:backend/routes/account.routes.js
FN:6,(anonymous_0)
FN:16,(anonymous_1)
FN:26,(anonymous_2)
FN:39,(anonymous_3)
FN:53,(anonymous_4)
FNF:5
FNH:5
FNDA:2,(anonymous_0)
FNDA:1,(anonymous_1)
FNDA:2,(anonymous_2)
FNDA:2,(anonymous_3)
FNDA:1,(anonymous_4)
DA:1,1
DA:2,1
DA:3,1
DA:6,1
DA:7,2
DA:8,2
DA:9,1
DA:11,1
DA:16,1
DA:17,1
DA:18,1
DA:19,1
DA:21,0
DA:26,1
DA:27,2
DA:28,2
DA:29,2
DA:30,1
DA:32,1
DA:34,0
DA:39,1
DA:40,2
DA:41,2
DA:42,2
DA:43,1
DA:45,1
DA:46,1
DA:48,0
DA:53,1
DA:54,1
DA:55,1
DA:56,1
DA:57,0
DA:59,1
DA:60,1
DA:62,0
DA:66,1
LF:37
LH:32
BRDA:29,0,0,1
BRDA:29,0,1,1
BRDA:42,1,0,1
BRDA:42,1,1,1
BRDA:56,2,0,0
BRDA:56,2,1,1
BRF:6
BRH:5
end_of_record
TN:
SF:client/src/components/Login/Login.jsx
FN:5,(anonymous_0)
FN:11,(anonymous_1)
FN:50,(anonymous_2)
FN:60,(anonymous_3)
FNF:4
FNH:4
FNDA:3,(anonymous_0)
FNDA:1,(anonymous_1)
FNDA:1,(anonymous_2)
FNDA:1,(anonymous_3)
DA:5,1
DA:6,3
DA:7,3
DA:8,3
DA:9,3
DA:11,3
DA:12,1
DA:14,1
DA:15,1
DA:26,1
DA:28,1
DA:29,0
DA:33,1
DA:34,1
DA:36,0
DA:40,3
DA:50,1
DA:60,1
LF:18
LH:16
BRDA:28,0,0,0
BRDA:28,0,1,1
BRDA:29,1,0,0
BRDA:29,1,1,0
BRDA:64,2,0,3
BRDA:64,2,1,0
BRF:6
BRH:2
end_of_record
TN:
SF:client/src/components/Register/Register.jsx
FN:5,(anonymous_0)
FN:18,(anonymous_1)
FN:22,(anonymous_2)
FN:30,(anonymous_3)
FN:33,(anonymous_4)
FN:40,(anonymous_5)
FN:108,(anonymous_6)
FN:120,(anonymous_7)
FN:121,(anonymous_8)
FN:133,(anonymous_9)
FN:134,(anonymous_10)
FN:146,(anonymous_11)
FN:147,(anonymous_12)
FNF:13
FNH:13
FNDA:28,(anonymous_0)
FNDA:3,(anonymous_1)
FNDA:4,(anonymous_2)
FNDA:2,(anonymous_3)
FNDA:2,(anonymous_4)
FNDA:2,(anonymous_5)
FNDA:1,(anonymous_6)
FNDA:2,(anonymous_7)
FNDA:1,(anonymous_8)
FNDA:5,(anonymous_9)
FNDA:3,(anonymous_10)
FNDA:2,(anonymous_11)
FNDA:1,(anonymous_12)
DA:5,1
DA:6,28
DA:7,28
DA:8,28
DA:9,28
DA:10,28
DA:11,28
DA:12,28
DA:13,28
DA:14,28
DA:15,28
DA:18,28
DA:19,3
DA:22,28
DA:23,4
DA:24,3
DA:25,2
DA:26,2
DA:27,1
DA:30,28
DA:33,28
DA:34,2
DA:35,2
DA:36,2
DA:40,28
DA:41,2
DA:44,2
DA:45,2
DA:46,2
DA:47,2
DA:48,2
DA:50,2
DA:51,1
DA:52,1
DA:53,1
DA:54,1
DA:55,1
DA:56,1
DA:59,1
DA:60,1
DA:61,0
DA:62,0
DA:65,1
DA:66,1
DA:67,0
DA:68,0
DA:71,1
DA:72,0
DA:73,0
DA:74,0
DA:77,1
DA:78,1
DA:84,1
DA:86,1
DA:87,0
DA:88,0
DA:91,1
DA:93,0
DA:97,28
DA:108,1
DA:120,2
DA:121,1
DA:133,5
DA:134,3
DA:146,2
DA:148,1
DA:149,1
DA:151,0
LF:68
LH:57
BRDA:19,0,0,2
BRDA:19,0,1,1
BRDA:23,1,0,1
BRDA:23,1,1,3
BRDA:24,2,0,1
BRDA:24,2,1,2
BRDA:25,3,0,0
BRDA:25,3,1,2
BRDA:26,4,0,1
BRDA:26,4,1,1
BRDA:30,5,0,1
BRDA:30,5,1,1
BRDA:50,6,0,1
BRDA:50,6,1,1
BRDA:50,7,0,2
BRDA:50,7,1,1
BRDA:50,7,2,1
BRDA:50,7,3,1
BRDA:52,8,0,1
BRDA:52,8,1,0
BRDA:53,9,0,1
BRDA:53,9,1,0
BRDA:54,10,0,1
BRDA:54,10,1,0
BRDA:55,11,0,1
BRDA:55,11,1,0
BRDA:60,12,0,0
BRDA:60,12,1,1
BRDA:66,13,0,0
BRDA:66,13,1,1
BRDA:71,14,0,0
BRDA:71,14,1,1
BRDA:86,15,0,0
BRDA:86,15,1,1
BRDA:87,16,0,0
BRDA:87,16,1,0
BRDA:111,17,0,28
BRDA:111,17,1,3
BRDA:124,18,0,28
BRDA:124,18,1,2
BRDA:137,19,0,28
BRDA:137,19,1,4
BRDA:148,20,0,1
BRDA:148,20,1,0
BRDA:156,21,0,28
BRDA:156,21,1,2
BRDA:159,22,0,28
BRDA:159,22,1,1
BRF:48
BRH:36
end_of_record
